07:36PM, Dec 26th - This is an informational log entry.
07:36PM, Dec 26th - This is a warning message.
07:36PM, Dec 26th - This is an error message.
07:40PM, Dec 26th - This is an informational log entry.
07:40PM, Dec 26th - This is a warning message.
07:40PM, Dec 26th - This is an error message.
07:41, Dec 26 - This is an informational log entry.
07:41, Dec 26 - This is a warning message.
07:41, Dec 26 - This is an error message.
07:41, Dec 26 - This is an informational log entry.
07:41, Dec 26 - This is a warning message.
07:41, Dec 26 - This is an error message.
07:, Dec 26 - This is an informational log entry.
07:, Dec 26 - This is a warning message.
07:, Dec 26 - This is an error message.
07:42PM, Dec 26 - This is an informational log entry.
07:42PM, Dec 26 - This is a warning message.
07:42PM, Dec 26 - This is an error message.
07:42PM, December 26 - This is an informational log entry.
07:42PM, December 26 - This is a warning message.
07:42PM, December 26 - This is an error message.
07:43PM, December 26 - This is an informational log entry.
07:43PM, December 26 - This is a warning message.
07:43PM, December 26 - This is an error message.
07:45PM, December 26th - This is an informational log entry.
07:45PM, December 26th - This is a warning message.
07:45PM, December 26th - This is an error message.
